0 info it worked if it ends with ok
1 verbose cli [ 'node', '/usr/local/bin/npm', 'install', 'ws', '--save' ]
2 info using npm@1.4.28
3 info using node@v0.10.33
4 warn package.json CollaboRead@0.1.2 No repository field.
5 warn package.json http@0.0.0 http is also the name of a node core module.
6 warn package.json http@0.0.0 No description
7 warn package.json http@0.0.0 No repository field.
8 warn package.json http@0.0.0 No README data
9 verbose readDependencies using package.json deps
10 verbose cache add [ 'ws', null ]
11 verbose cache add name=undefined spec="ws" args=["ws",null]
12 verbose parsed url { protocol: null,
12 verbose parsed url   slashes: null,
12 verbose parsed url   auth: null,
12 verbose parsed url   host: null,
12 verbose parsed url   port: null,
12 verbose parsed url   hostname: null,
12 verbose parsed url   hash: null,
12 verbose parsed url   search: null,
12 verbose parsed url   query: null,
12 verbose parsed url   pathname: 'ws',
12 verbose parsed url   path: 'ws',
12 verbose parsed url   href: 'ws' }
13 silly lockFile 1457b75d-ws ws
14 verbose lock ws /Users/AMD/.npm/1457b75d-ws.lock
15 silly lockFile 1457b75d-ws ws
16 silly lockFile 1457b75d-ws ws
17 verbose addNamed [ 'ws', '' ]
18 verbose addNamed [ null, '*' ]
19 silly lockFile e88fe629-ws ws@
20 verbose lock ws@ /Users/AMD/.npm/e88fe629-ws.lock
21 silly addNameRange { name: 'ws', range: '*', hasData: false }
22 verbose request where is /ws
23 verbose request registry https://registry.npmjs.org/
24 verbose request id a60cab28bea2c24c
25 verbose url raw /ws
26 verbose url resolving [ 'https://registry.npmjs.org/', './ws' ]
27 verbose url resolved https://registry.npmjs.org/ws
28 verbose request where is https://registry.npmjs.org/ws
29 info trying registry request attempt 1 at 11:49:42
30 verbose etag "1RYH6VNU7JDTQKT71TI232KQ8"
31 http GET https://registry.npmjs.org/ws
32 http 200 https://registry.npmjs.org/ws
33 silly registry.get cb [ 200,
33 silly registry.get   { date: 'Sat, 31 Jan 2015 16:49:43 GMT',
33 silly registry.get     server: 'CouchDB/1.5.0 (Erlang OTP/R16B03)',
33 silly registry.get     etag: '"YRDZUVEMHXJPCWAOMKG1AS4U"',
33 silly registry.get     'content-type': 'application/json',
33 silly registry.get     'cache-control': 'max-age=60',
33 silly registry.get     'content-length': '70551',
33 silly registry.get     'accept-ranges': 'bytes',
33 silly registry.get     via: '1.1 varnish',
33 silly registry.get     age: '46',
33 silly registry.get     'x-served-by': 'cache-jfk1028-JFK',
33 silly registry.get     'x-cache': 'HIT',
33 silly registry.get     'x-cache-hits': '1',
33 silly registry.get     'x-timer': 'S1422722983.030863,VS0,VE0',
33 silly registry.get     vary: 'Accept',
33 silly registry.get     'keep-alive': 'timeout=10, max=50',
33 silly registry.get     connection: 'Keep-Alive' } ]
34 silly addNameRange number 2 { name: 'ws', range: '*', hasData: true }
35 silly addNameRange versions [ 'ws',
35 silly addNameRange   [ '0.2.6',
35 silly addNameRange     '0.2.8',
35 silly addNameRange     '0.2.9',
35 silly addNameRange     '0.3.0',
35 silly addNameRange     '0.3.1',
35 silly addNameRange     '0.3.2',
35 silly addNameRange     '0.3.3',
35 silly addNameRange     '0.3.4',
35 silly addNameRange     '0.3.4-2',
35 silly addNameRange     '0.3.5',
35 silly addNameRange     '0.3.5-2',
35 silly addNameRange     '0.3.5-3',
35 silly addNameRange     '0.3.5-4',
35 silly addNameRange     '0.3.6',
35 silly addNameRange     '0.3.7',
35 silly addNameRange     '0.3.8',
35 silly addNameRange     '0.3.9',
35 silly addNameRange     '0.4.0',
35 silly addNameRange     '0.4.1',
35 silly addNameRange     '0.4.2',
35 silly addNameRange     '0.4.3',
35 silly addNameRange     '0.4.5',
35 silly addNameRange     '0.4.6',
35 silly addNameRange     '0.4.7',
35 silly addNameRange     '0.4.8',
35 silly addNameRange     '0.4.9',
35 silly addNameRange     '0.4.10',
35 silly addNameRange     '0.4.11',
35 silly addNameRange     '0.4.12',
35 silly addNameRange     '0.4.13',
35 silly addNameRange     '0.4.14',
35 silly addNameRange     '0.4.15',
35 silly addNameRange     '0.4.16',
35 silly addNameRange     '0.4.17',
35 silly addNameRange     '0.4.18',
35 silly addNameRange     '0.4.19',
35 silly addNameRange     '0.4.20',
35 silly addNameRange     '0.4.21',
35 silly addNameRange     '0.4.22',
35 silly addNameRange     '0.4.23',
35 silly addNameRange     '0.4.24',
35 silly addNameRange     '0.4.25',
35 silly addNameRange     '0.4.27',
35 silly addNameRange     '0.4.28',
35 silly addNameRange     '0.4.29',
35 silly addNameRange     '0.4.30',
35 silly addNameRange     '0.4.31',
35 silly addNameRange     '0.4.32',
35 silly addNameRange     '0.5.0',
35 silly addNameRange     '0.6.0',
35 silly addNameRange     '0.6.1',
35 silly addNameRange     '0.6.2',
35 silly addNameRange     '0.6.3',
35 silly addNameRange     '0.6.4',
35 silly addNameRange     '0.6.5',
35 silly addNameRange     '0.7.0',
35 silly addNameRange     '0.7.1' ] ]
36 verbose addNamed [ 'ws', '0.7.1' ]
37 verbose addNamed [ '0.7.1', '0.7.1' ]
38 silly lockFile 94a65900-ws-0-7-1 ws@0.7.1
39 verbose lock ws@0.7.1 /Users/AMD/.npm/94a65900-ws-0-7-1.lock
40 silly lockFile 89989a00-gistry-npmjs-org-ws-ws-0-7-1-tgz https://registry.npmjs.org/ws/-/ws-0.7.1.tgz
41 verbose lock https://registry.npmjs.org/ws/-/ws-0.7.1.tgz /Users/AMD/.npm/89989a00-gistry-npmjs-org-ws-ws-0-7-1-tgz.lock
42 verbose addRemoteTarball [ 'https://registry.npmjs.org/ws/-/ws-0.7.1.tgz',
42 verbose addRemoteTarball   '8f1c7864ca08081be3cd0ac330df0d29c5fcd0da' ]
43 info retry fetch attempt 1 at 11:49:43
44 verbose fetch to= /var/folders/ds/q8pk0r_d0958z05dlmqbhzwr0000gn/T/npm-13887-RZ2TQ0q3/registry.npmjs.org/ws/-/ws-0.7.1.tgz
45 http GET https://registry.npmjs.org/ws/-/ws-0.7.1.tgz
46 http 200 https://registry.npmjs.org/ws/-/ws-0.7.1.tgz
47 silly lockFile 89989a00-gistry-npmjs-org-ws-ws-0-7-1-tgz https://registry.npmjs.org/ws/-/ws-0.7.1.tgz
48 silly lockFile 89989a00-gistry-npmjs-org-ws-ws-0-7-1-tgz https://registry.npmjs.org/ws/-/ws-0.7.1.tgz
49 silly lockFile 94a65900-ws-0-7-1 ws@0.7.1
50 silly lockFile 94a65900-ws-0-7-1 ws@0.7.1
51 silly lockFile e88fe629-ws ws@
52 silly lockFile e88fe629-ws ws@
53 error Error: EACCES, mkdir '/Users/AMD/.npm/ws/0.7.1'
53 error  { [Error: EACCES, mkdir '/Users/AMD/.npm/ws/0.7.1']
53 error   errno: 3,
53 error   code: 'EACCES',
53 error   path: '/Users/AMD/.npm/ws/0.7.1',
53 error   parent: 'CollaboRead' }
54 error Please try running this command again as root/Administrator.
55 error System Darwin 14.0.0
56 error command "node" "/usr/local/bin/npm" "install" "ws" "--save"
57 error cwd /Users/AMD/Documents/CR/api/CollaboRead
58 error node -v v0.10.33
59 error npm -v 1.4.28
60 error path /Users/AMD/.npm/ws/0.7.1
61 error code EACCES
62 error errno 3
63 error stack Error: EACCES, mkdir '/Users/AMD/.npm/ws/0.7.1'
64 verbose exit [ 3, true ]
